<?xml version="1.0" encoding="UTF-8" standalone="no"?>
<testsuite errors="0" failures="1" name="io.cucumber.core.plugin.JUnitFormatter" skipped="0" tests="1" time="30.84">
    <testcase classname="nopCommerce login" name="Successful login with valid credentials" time="30.536">
        <failure message="Dismissed user prompt dialog: https://admin-demo.nopcommerce.com is requesting your username and password.: &#10;Build info: version: '3.141.59', revision: 'e82be7d358', time: '2018-11-14T08:17:03'&#10;System info: host: 'SHARAD-PC', ip: '192.168.43.82', os.name: 'Windows 7', os.arch: 'amd64', os.version: '6.1', java.version: '14.0.2'&#10;Driver info: org.openqa.selenium.firefox.FirefoxDriver&#10;Capabilities {acceptInsecureCerts: true, browserName: firefox, browserVersion: 80.0.1, javascriptEnabled: true, moz:accessibilityChecks: false, moz:buildID: 20200831163820, moz:geckodriverVersion: 0.26.0, moz:headless: false, moz:processID: 2492, moz:profile: C:\Users\Sharad\AppData\Loc..., moz:shutdownTimeout: 60000, moz:useNonSpecCompliantPointerOrigin: false, moz:webdriverClick: true, pageLoadStrategy: normal, platform: WINDOWS, platformName: WINDOWS, platformVersion: 6.1, rotatable: false, setWindowRect: true, strictFileInteractability: false, timeouts: {implicit: 0, pageLoad: 300000, script: 30000}, unhandledPromptBehavior: dismiss and notify}&#10;Session ID: 902531e5-71a6-4f74-a541-ca5f400963ac" type="org.openqa.selenium.UnhandledAlertException"><![CDATA[Given User Launch browser...................................................passed
And User open application url "https://admin-demo.nopcommerce.com/login"....passed
And User enter Email as "admin@yourstore.com" and Password as "admin".......passed
When Click on Login.........................................................passed
Then Page title should be "Dashboard / nopCommerce administration"..........passed
When Click on Logout link...................................................passed
Then Page title should be "Your store. Login"...............................failed
And Close browser...........................................................skipped

StackTrace:
org.openqa.selenium.UnhandledAlertException: Dismissed user prompt dialog: https://admin-demo.nopcommerce.com is requesting your username and password.: 
Build info: version: '3.141.59', revision: 'e82be7d358', time: '2018-11-14T08:17:03'
System info: host: 'SHARAD-PC', ip: '192.168.43.82', os.name: 'Windows 7', os.arch: 'amd64', os.version: '6.1', java.version: '14.0.2'
Driver info: org.openqa.selenium.firefox.FirefoxDriver
Capabilities {acceptInsecureCerts: true, browserName: firefox, browserVersion: 80.0.1, javascriptEnabled: true, moz:accessibilityChecks: false, moz:buildID: 20200831163820, moz:geckodriverVersion: 0.26.0, moz:headless: false, moz:processID: 2492, moz:profile: C:\Users\Sharad\AppData\Loc..., moz:shutdownTimeout: 60000, moz:useNonSpecCompliantPointerOrigin: false, moz:webdriverClick: true, pageLoadStrategy: normal, platform: WINDOWS, platformName: WINDOWS, platformVersion: 6.1, rotatable: false, setWindowRect: true, strictFileInteractability: false, timeouts: {implicit: 0, pageLoad: 300000, script: 30000}, unhandledPromptBehavior: dismiss and notify}
Session ID: 902531e5-71a6-4f74-a541-ca5f400963ac
	at org.openqa.selenium.remote.http.W3CHttpResponseCodec.decode(W3CHttpResponseCodec.java:120)
	at org.openqa.selenium.remote.http.W3CHttpResponseCodec.decode(W3CHttpResponseCodec.java:49)
	at org.openqa.selenium.remote.HttpCommandExecutor.execute(HttpCommandExecutor.java:158)
	at org.openqa.selenium.remote.service.DriverCommandExecutor.execute(DriverCommandExecutor.java:83)
	at org.openqa.selenium.remote.RemoteWebDriver.execute(RemoteWebDriver.java:552)
	at org.openqa.selenium.remote.RemoteWebDriver.execute(RemoteWebDriver.java:609)
	at org.openqa.selenium.remote.RemoteWebDriver.getPageSource(RemoteWebDriver.java:438)
	at stepsDefinitions.Steps.page_title_should_be(Steps.java:45)
	at âœ½.Page title should be "Your store. Login"(file:///C:/Users/Sharad/eclipse-workspace/nonCommerceCucumber_V2/./Features/Login.feature:10)
]]></failure>
    </testcase>
</testsuite>
